<?xml version="1.0" encoding="UTF-8"?>
<!-- Generated by org.testng.reporters.JUnitReportReporter -->
<testsuite hostname="piku" failures="0" tests="1" name="php.crm.Vtiger.project2.campaignTest.Practice" time="0.030" errors="0" timestamp="2022-10-12T13:50:10 IST" skipped="0">
  <testcase classname="php.crm.Vtiger.project2.campaignTest.Practice" name="b" time="0.030"/>
  <system-out/>
</testsuite> <!-- php.crm.Vtiger.project2.campaignTest.Practice -->
